<?xml version="1.0" encoding="UTF-8"?>
<!-- Generated by org.testng.reporters.JUnitReportReporter -->
<testsuite hostname="LTIN180320" failures="0" tests="1" name="AssgnmentTest.AssignmentTest1" time="36.654" errors="0" timestamp="2024-02-01T10:48:02 IST" skipped="0">
  <testcase classname="AssgnmentTest.AssignmentTest1" name="logIN" time="36.654"/>
</testsuite> <!-- AssgnmentTest.AssignmentTest1 -->
