<?xml version="1.0" encoding="UTF-8"?>
<!-- Generated by org.testng.reporters.JUnitReportReporter -->
<testsuite hostname="LTIN180320" failures="0" tests="1" name="AssgnmentTest.AssignmentTest1" time="39.598" errors="0" timestamp="2024-02-01T12:54:44 IST" skipped="0">
  <testcase classname="AssgnmentTest.AssignmentTest1" name="ProductSearch" time="39.598"/>
</testsuite> <!-- AssgnmentTest.AssignmentTest1 -->
